=== 回填历史数据 ===
开始时间: 2026-06-27 08:10:23
间隔: 60s/天

[1/36] 抓取 2026-04-27 ...
  → 成功 (5495 条)
  等待 60s...
[2/36] 抓取 2026-04-28 ...
  → 成功 (5488 条)
  等待 60s...
[3/36] 抓取 2026-04-29 ...
  → 成功 (5462 条)
  等待 60s...
[4/36] 抓取 2026-04-30 ...
  → 成功 (5460 条)
  等待 60s...
[5/36] 抓取 2026-05-01 ...
  → 失败: 2026-05-01 无交易数据（可能是非交易日）
  等待 60s...
[6/36] 抓取 2026-05-04 ...
  → 失败: 2026-05-04 无交易数据（可能是非交易日）
  等待 60s...
[7/36] 抓取 2026-05-05 ...
  → 失败: 2026-05-05 无交易数据（可能是非交易日）
  等待 60s...
[8/36] 抓取 2026-05-06 ...
  → 成功 (5490 条)
  等待 60s...
[9/36] 抓取 2026-05-07 ...
  → 成功 (5493 条)
  等待 60s...
[10/36] 抓取 2026-05-08 ...
  → 成功 (5491 条)
  等待 60s...
[11/36] 抓取 2026-05-11 ...
  → 成功 (5491 条)
  等待 60s...
[12/36] 抓取 2026-05-12 ...
  → 成功 (5490 条)
  等待 60s...
[13/36] 抓取 2026-05-13 ...
  → 成功 (5493 条)
  等待 60s...
[14/36] 抓取 2026-05-14 ...
  → 成功 (5493 条)
  等待 60s...
[15/36] 抓取 2026-05-15 ...
  → 成功 (5495 条)
  等待 60s...
[16/36] 抓取 2026-05-18 ...
  → 成功 (5499 条)
  等待 60s...
[17/36] 抓取 2026-05-19 ...
  → 成功 (5494 条)
  等待 60s...
[18/36] 抓取 2026-05-20 ...
  → 成功 (5498 条)
  等待 60s...
[19/36] 抓取 2026-05-21 ...
  → 成功 (5501 条)
  等待 60s...
[20/36] 抓取 2026-05-22 ...
  → 成功 (5504 条)
  等待 60s...
[21/36] 抓取 2026-05-25 ...
  → 成功 (5504 条)
  等待 60s...
[22/36] 抓取 2026-05-26 ...
  → 成功 (5504 条)
  等待 60s...
[23/36] 抓取 2026-05-27 ...
  → 成功 (5506 条)
  等待 60s...
[24/36] 抓取 2026-05-28 ...
  → 成功 (5506 条)
  等待 60s...
[25/36] 抓取 2026-05-29 ...
  → 成功 (5506 条)
  等待 60s...
[26/36] 抓取 2026-06-01 ...
  → 成功 (5508 条)
  等待 60s...
[27/36] 抓取 2026-06-02 ...
  → 成功 (5507 条)
  等待 60s...
[28/36] 抓取 2026-06-03 ...
  → 成功 (5511 条)
  等待 60s...
[29/36] 抓取 2026-06-04 ...
  → 成功 (5511 条)
  等待 60s...
[30/36] 抓取 2026-06-05 ...
  → 成功 (5514 条)
  等待 60s...
[31/36] 抓取 2026-06-08 ...
  → 成功 (5515 条)
  等待 60s...
[32/36] 抓取 2026-06-09 ...
  → 成功 (5515 条)
  等待 60s...
[33/36] 抓取 2026-06-10 ...
  → 成功 (5512 条)
  等待 60s...
[34/36] 抓取 2026-06-11 ...
  → 成功 (5511 条)
  等待 60s...
[35/36] 抓取 2026-06-12 ...
  → 成功 (5512 条)
  等待 60s...
[36/36] 抓取 2026-06-15 ...
  → 成功 (5508 条)

=== 回填完成 ===
结束时间: 2026-06-27 08:48:15
当前交易日:
共 41 天: ['2026-06-26', '2026-06-25', '2026-06-24', '2026-06-23', '2026-06-22', '2026-06-18', '2026-06-17', '2026-06-16', '2026-06-15', '2026-06-12', '2026-06-11', '2026-06-10', '2026-06-09', '2026-06-08', '2026-06-05', '2026-06-04', '2026-06-03', '2026-06-02', '2026-06-01', '2026-05-29', '2026-05-28', '2026-05-27', '2026-05-26', '2026-05-25', '2026-05-22', '2026-05-21', '2026-05-20', '2026-05-19', '2026-05-18', '2026-05-15', '2026-05-14', '2026-05-13', '2026-05-12', '2026-05-11', '2026-05-08', '2026-05-07', '2026-05-06', '2026-04-30', '2026-04-29', '2026-04-28', '2026-04-27']
